#! /c/Source/iverilog-install/bin/vvp
:ivl_version "12.0 (devel)" "(s20150603-1539-g2693dd32b)";
:ivl_delay_selection "TYPICAL";
:vpi_time_precision + 0;
:vpi_module "D:\iverilog\lib\ivl\system.vpi";
:vpi_module "D:\iverilog\lib\ivl\vhdl_sys.vpi";
:vpi_module "D:\iverilog\lib\ivl\vhdl_textio.vpi";
:vpi_module "D:\iverilog\lib\ivl\v2005_math.vpi";
:vpi_module "D:\iverilog\lib\ivl\va_math.vpi";
S_00000153482ced10 .scope module, "somador_subtrator" "somador_subtrator" 2 4;
 .timescale 0 0;
    .port_info 0 /INPUT 4 "a";
    .port_info 1 /INPUT 4 "b";
    .port_info 2 /INPUT 1 "select";
    .port_info 3 /OUTPUT 5 "resul";
P_00000153482cce30 .param/l "N" 0 2 4, +C4<00000000000000000000000000000100>;
L_00000153482c7150 .functor BUFZ 5, v00000153482ceea0_0, C4<00000>, C4<00000>, C4<00000>;
o00000153481f6fd8 .functor BUFZ 4, C4<zzzz>; HiZ drive
v00000153482c7580_0 .net "a", 3 0, o00000153481f6fd8;  0 drivers
o00000153481f7008 .functor BUFZ 4, C4<zzzz>; HiZ drive
v00000153482c6f60_0 .net "b", 3 0, o00000153481f7008;  0 drivers
v00000153482ceea0_0 .var "res", 4 0;
v00000153482cb840_0 .net "resul", 4 0, L_00000153482c7150;  1 drivers
o00000153481f7098 .functor BUFZ 1, C4<z>; HiZ drive
v00000153482cb8e0_0 .net "select", 0 0, o00000153481f7098;  0 drivers
E_00000153482ccc30 .event anyedge, v00000153482cb8e0_0, v00000153482c7580_0, v00000153482c6f60_0;
    .scope S_00000153482ced10;
T_0 ;
    %wait E_00000153482ccc30;
    %load/vec4 v00000153482cb8e0_0;
    %flag_set/vec4 8;
    %jmp/0xz  T_0.0, 8;
    %load/vec4 v00000153482c7580_0;
    %pad/u 5;
    %load/vec4 v00000153482c6f60_0;
    %pad/u 5;
    %add;
    %store/vec4 v00000153482ceea0_0, 0, 5;
    %jmp T_0.1;
T_0.0 ;
    %load/vec4 v00000153482c7580_0;
    %pad/u 5;
    %load/vec4 v00000153482c6f60_0;
    %pad/u 5;
    %sub;
    %store/vec4 v00000153482ceea0_0, 0, 5;
T_0.1 ;
    %jmp T_0;
    .thread T_0, $push;
# The file index is used to find the file name in the following table.
:file_names 3;
    "N/A";
    "<interactive>";
    "somador_subtrator.v";
